2017/01/09 22:14:49 [error] [php] mkdir() [<a href='function.mkdir'>function.mkdir</a>]: File exists (N:\home\Yii-site\framework\utils\CFileHelper.php:361)
Stack trace:
#0 N:\home\Yii-site\framework\web\CAssetManager.php(251): copyDirectory()
#1 N:\home\Yii-site\framework\gii\GiiModule.php(143): CAssetManager->publish()
#2 N:\home\Yii-site\framework\base\CComponent.php(111): GiiModule->getAssetsUrl()
#3 N:\home\Yii-site\framework\base\CModule.php(105): GiiModule->__get()
#4 N:\home\Yii-site\framework\gii\views\layouts\main.php(5): GiiModule->__get()
#5 N:\home\Yii-site\framework\web\CBaseController.php(126): require()
#6 N:\home\Yii-site\framework\web\CBaseController.php(95): DefaultController->renderInternal()
#7 N:\home\Yii-site\framework\web\widgets\CContentDecorator.php(76): DefaultController->renderFile()
#8 N:\home\Yii-site\framework\web\widgets\CContentDecorator.php(54): CContentDecorator->decorate()
#9 N:\home\Yii-site\framework\web\widgets\COutputProcessor.php(44): CContentDecorator->processOutput()
#10 N:\home\Yii-site\framework\web\CBaseController.php(214): CContentDecorator->run()
#11 N:\home\Yii-site\framework\web\CBaseController.php(308): DefaultController->endWidget()
#12 N:\home\Yii-site\framework\gii\views\layouts\column1.php(7): DefaultController->endContent()
#13 N:\home\Yii-site\framework\web\CBaseController.php(126): require()
#14 N:\home\Yii-site\framework\web\CBaseController.php(95): DefaultController->renderInternal()
#15 N:\home\Yii-site\framework\web\CController.php(784): DefaultController->renderFile()
#16 N:\home\Yii-site\framework\gii\controllers\DefaultController.php(47): DefaultController->render()
#17 N:\home\Yii-site\framework\web\actions\CInlineAction.php(49): DefaultController->actionLogin()
#18 N:\home\Yii-site\framework\web\CController.php(308): CInlineAction->runWithParams()
#19 N:\home\Yii-site\framework\web\CController.php(286): DefaultController->runAction()
#20 N:\home\Yii-site\framework\web\CController.php(265): DefaultController->runActionWithFilters()
#21 N:\home\Yii-site\framework\web\CWebApplication.php(282): DefaultController->run()
#22 N:\home\Yii-site\framework\web\CWebApplication.php(141): CWebApplication->runController()
#23 N:\home\Yii-site\framework\base\CApplication.php(185): CWebApplication->processRequest()
#24 N:\home\Yii-site\www\index.php(13): CWebApplication->run()
REQUEST_URI=/index.php?r=gii/default/login
in N:\home\Yii-site\www\index.php (13)
2017/01/09 22:27:12 [error] [exception.CHttpException.404] exception 'CHttpException' with message 'Unable to find the code you requested.' in N:\home\Yii-site\framework\gii\CCodeGenerator.php:90
Stack trace:
#0 N:\home\Yii-site\framework\web\actions\CInlineAction.php(49): CCodeGenerator->actionCode()
#1 N:\home\Yii-site\framework\web\CController.php(308): CInlineAction->runWithParams(Array)
#2 N:\home\Yii-site\framework\web\CController.php(286): CController->runAction(Object(CInlineAction))
#3 N:\home\Yii-site\framework\web\CController.php(265): CController->runActionWithFilters(Object(CInlineAction), Array)
#4 N:\home\Yii-site\framework\web\CWebApplication.php(282): CController->run('code')
#5 N:\home\Yii-site\framework\web\CWebApplication.php(141): CWebApplication->runController('gii/model/code')
#6 N:\home\Yii-site\framework\base\CApplication.php(185): CWebApplication->processRequest()
#7 N:\home\Yii-site\www\index.php(13): CApplication->run()
#8 {main}
REQUEST_URI=/index.php?r=gii/model/code&id=0
HTTP_REFERER=http://yii-site/index.php?r=gii/model/index
---
2017/01/09 22:37:02 [error] [exception.CHttpException.404] exception 'CHttpException' with message 'The system is unable to find the requested action "fanf".' in N:\home\Yii-site\framework\web\CController.php:483
Stack trace:
#0 N:\home\Yii-site\framework\web\CController.php(270): CController->missingAction('fanf')
#1 N:\home\Yii-site\framework\web\CWebApplication.php(282): CController->run('fanf')
#2 N:\home\Yii-site\framework\web\CWebApplication.php(141): CWebApplication->runController('site/fanf')
#3 N:\home\Yii-site\framework\base\CApplication.php(185): CWebApplication->processRequest()
#4 N:\home\Yii-site\www\index.php(13): CApplication->run()
#5 {main}
REQUEST_URI=/index.php?r=site/fanf
HTTP_REFERER=http://yii-site/index.php?r=fanf/
---
2017/01/09 22:37:03 [error] [exception.CHttpException.404] exception 'CHttpException' with message 'The system is unable to find the requested action "fanf".' in N:\home\Yii-site\framework\web\CController.php:483
Stack trace:
#0 N:\home\Yii-site\framework\web\CController.php(270): CController->missingAction('fanf')
#1 N:\home\Yii-site\framework\web\CWebApplication.php(282): CController->run('fanf')
#2 N:\home\Yii-site\framework\web\CWebApplication.php(141): CWebApplication->runController('site/fanf')
#3 N:\home\Yii-site\framework\base\CApplication.php(185): CWebApplication->processRequest()
#4 N:\home\Yii-site\www\index.php(13): CApplication->run()
#5 {main}
REQUEST_URI=/index.php?r=site/fanf
---
2017/01/09 22:37:03 [error] [exception.CHttpException.404] exception 'CHttpException' with message 'The system is unable to find the requested action "fanf".' in N:\home\Yii-site\framework\web\CController.php:483
Stack trace:
#0 N:\home\Yii-site\framework\web\CController.php(270): CController->missingAction('fanf')
#1 N:\home\Yii-site\framework\web\CWebApplication.php(282): CController->run('fanf')
#2 N:\home\Yii-site\framework\web\CWebApplication.php(141): CWebApplication->runController('site/fanf')
#3 N:\home\Yii-site\framework\base\CApplication.php(185): CWebApplication->processRequest()
#4 N:\home\Yii-site\www\index.php(13): CApplication->run()
#5 {main}
REQUEST_URI=/index.php?r=site/fanf
---
2017/01/10 20:29:39 [error] [exception.CException] exception 'CException' with message 'Property "Fanf.fileName" is not defined.' in N:\home\Yii-site\framework\base\CComponent.php:130
Stack trace:
#0 N:\home\Yii-site\framework\db\ar\CActiveRecord.php(145): CComponent->__get('fileName')
#1 N:\home\Yii-site\www\protected\views\fanf\_view.php(13): CActiveRecord->__get('fileName')
#2 N:\home\Yii-site\framework\web\CBaseController.php(130): require('N:\home\Yii-sit...')
#3 N:\home\Yii-site\framework\web\CBaseController.php(95): CBaseController->renderInternal('N:\home\Yii-sit...', Array, false)
#4 N:\home\Yii-site\framework\zii\widgets\CListView.php(291): CBaseController->renderFile('N:\home\Yii-sit...', Array)
#5 N:\home\Yii-site\framework\zii\widgets\CBaseListView.php(181): CListView->renderItems()
#6 [internal function]: CBaseListView->renderSection(Array)
#7 N:\home\Yii-site\framework\zii\widgets\CBaseListView.php(164): preg_replace_callback('/{(\w+)}/', Array, '{summary}?{sort...')
#8 N:\home\Yii-site\framework\zii\widgets\CBaseListView.php(149): CBaseListView->renderContent()
#9 N:\home\Yii-site\framework\web\CBaseController.php(181): CBaseListView->run()
#10 N:\home\Yii-site\www\protected\views\fanf\index.php(20): CBaseController->widget('zii.widgets.CLi...', Array)
#11 N:\home\Yii-site\framework\web\CBaseController.php(126): require('N:\home\Yii-sit...')
#12 N:\home\Yii-site\framework\web\CBaseController.php(95): CBaseController->renderInternal('N:\home\Yii-sit...', Array, true)
#13 N:\home\Yii-site\framework\web\CController.php(869): CBaseController->renderFile('N:\home\Yii-sit...', Array, true)
#14 N:\home\Yii-site\framework\web\CController.php(782): CController->renderPartial('index', Array, true)
#15 N:\home\Yii-site\www\protected\controllers\FanfController.php(128): CController->render('index', Array)
#16 N:\home\Yii-site\framework\web\actions\CInlineAction.php(49): FanfController->actionIndex()
#17 N:\home\Yii-site\framework\web\CController.php(308): CInlineAction->runWithParams(Array)
#18 N:\home\Yii-site\framework\web\filters\CFilterChain.php(133): CController->runAction(Object(CInlineAction))
#19 N:\home\Yii-site\framework\web\filters\CFilter.php(40): CFilterChain->run()
#20 N:\home\Yii-site\framework\web\CController.php(1145): CFilter->filter(Object(CFilterChain))
#21 N:\home\Yii-site\framework\web\filters\CInlineFilter.php(58): CController->filterAccessControl(Object(CFilterChain))
#22 N:\home\Yii-site\framework\web\filters\CFilterChain.php(130): CInlineFilter->filter(Object(CFilterChain))
#23 N:\home\Yii-site\framework\web\CController.php(291): CFilterChain->run()
#24 N:\home\Yii-site\framework\web\CController.php(265): CController->runActionWithFilters(Object(CInlineAction), Array)
#25 N:\home\Yii-site\framework\web\CWebApplication.php(282): CController->run('index')
#26 N:\home\Yii-site\framework\web\CWebApplication.php(141): CWebApplication->runController('fanf/index')
#27 N:\home\Yii-site\framework\base\CApplication.php(185): CWebApplication->processRequest()
#28 N:\home\Yii-site\www\index.php(13): CApplication->run()
#29 {main}
REQUEST_URI=/index.php?r=fanf/index
HTTP_REFERER=http://yii-site/
---
2017/01/10 20:29:41 [error] [exception.CException] exception 'CException' with message 'Property "Fanf.fileName" is not defined.' in N:\home\Yii-site\framework\base\CComponent.php:130
Stack trace:
#0 N:\home\Yii-site\framework\db\ar\CActiveRecord.php(145): CComponent->__get('fileName')
#1 N:\home\Yii-site\www\protected\views\fanf\_view.php(13): CActiveRecord->__get('fileName')
#2 N:\home\Yii-site\framework\web\CBaseController.php(130): require('N:\home\Yii-sit...')
#3 N:\home\Yii-site\framework\web\CBaseController.php(95): CBaseController->renderInternal('N:\home\Yii-sit...', Array, false)
#4 N:\home\Yii-site\framework\zii\widgets\CListView.php(291): CBaseController->renderFile('N:\home\Yii-sit...', Array)
#5 N:\home\Yii-site\framework\zii\widgets\CBaseListView.php(181): CListView->renderItems()
#6 [internal function]: CBaseListView->renderSection(Array)
#7 N:\home\Yii-site\framework\zii\widgets\CBaseListView.php(164): preg_replace_callback('/{(\w+)}/', Array, '{summary}?{sort...')
#8 N:\home\Yii-site\framework\zii\widgets\CBaseListView.php(149): CBaseListView->renderContent()
#9 N:\home\Yii-site\framework\web\CBaseController.php(181): CBaseListView->run()
#10 N:\home\Yii-site\www\protected\views\fanf\index.php(20): CBaseController->widget('zii.widgets.CLi...', Array)
#11 N:\home\Yii-site\framework\web\CBaseController.php(126): require('N:\home\Yii-sit...')
#12 N:\home\Yii-site\framework\web\CBaseController.php(95): CBaseController->renderInternal('N:\home\Yii-sit...', Array, true)
#13 N:\home\Yii-site\framework\web\CController.php(869): CBaseController->renderFile('N:\home\Yii-sit...', Array, true)
#14 N:\home\Yii-site\framework\web\CController.php(782): CController->renderPartial('index', Array, true)
#15 N:\home\Yii-site\www\protected\controllers\FanfController.php(128): CController->render('index', Array)
#16 N:\home\Yii-site\framework\web\actions\CInlineAction.php(49): FanfController->actionIndex()
#17 N:\home\Yii-site\framework\web\CController.php(308): CInlineAction->runWithParams(Array)
#18 N:\home\Yii-site\framework\web\filters\CFilterChain.php(133): CController->runAction(Object(CInlineAction))
#19 N:\home\Yii-site\framework\web\filters\CFilter.php(40): CFilterChain->run()
#20 N:\home\Yii-site\framework\web\CController.php(1145): CFilter->filter(Object(CFilterChain))
#21 N:\home\Yii-site\framework\web\filters\CInlineFilter.php(58): CController->filterAccessControl(Object(CFilterChain))
#22 N:\home\Yii-site\framework\web\filters\CFilterChain.php(130): CInlineFilter->filter(Object(CFilterChain))
#23 N:\home\Yii-site\framework\web\CController.php(291): CFilterChain->run()
#24 N:\home\Yii-site\framework\web\CController.php(265): CController->runActionWithFilters(Object(CInlineAction), Array)
#25 N:\home\Yii-site\framework\web\CWebApplication.php(282): CController->run('index')
#26 N:\home\Yii-site\framework\web\CWebApplication.php(141): CWebApplication->runController('fanf/index')
#27 N:\home\Yii-site\framework\base\CApplication.php(185): CWebApplication->processRequest()
#28 N:\home\Yii-site\www\index.php(13): CApplication->run()
#29 {main}
REQUEST_URI=/index.php?r=fanf/index
---
2017/01/10 20:29:41 [error] [exception.CException] exception 'CException' with message 'Property "Fanf.fileName" is not defined.' in N:\home\Yii-site\framework\base\CComponent.php:130
Stack trace:
#0 N:\home\Yii-site\framework\db\ar\CActiveRecord.php(145): CComponent->__get('fileName')
#1 N:\home\Yii-site\www\protected\views\fanf\_view.php(13): CActiveRecord->__get('fileName')
#2 N:\home\Yii-site\framework\web\CBaseController.php(130): require('N:\home\Yii-sit...')
#3 N:\home\Yii-site\framework\web\CBaseController.php(95): CBaseController->renderInternal('N:\home\Yii-sit...', Array, false)
#4 N:\home\Yii-site\framework\zii\widgets\CListView.php(291): CBaseController->renderFile('N:\home\Yii-sit...', Array)
#5 N:\home\Yii-site\framework\zii\widgets\CBaseListView.php(181): CListView->renderItems()
#6 [internal function]: CBaseListView->renderSection(Array)
#7 N:\home\Yii-site\framework\zii\widgets\CBaseListView.php(164): preg_replace_callback('/{(\w+)}/', Array, '{summary}?{sort...')
#8 N:\home\Yii-site\framework\zii\widgets\CBaseListView.php(149): CBaseListView->renderContent()
#9 N:\home\Yii-site\framework\web\CBaseController.php(181): CBaseListView->run()
#10 N:\home\Yii-site\www\protected\views\fanf\index.php(20): CBaseController->widget('zii.widgets.CLi...', Array)
#11 N:\home\Yii-site\framework\web\CBaseController.php(126): require('N:\home\Yii-sit...')
#12 N:\home\Yii-site\framework\web\CBaseController.php(95): CBaseController->renderInternal('N:\home\Yii-sit...', Array, true)
#13 N:\home\Yii-site\framework\web\CController.php(869): CBaseController->renderFile('N:\home\Yii-sit...', Array, true)
#14 N:\home\Yii-site\framework\web\CController.php(782): CController->renderPartial('index', Array, true)
#15 N:\home\Yii-site\www\protected\controllers\FanfController.php(128): CController->render('index', Array)
#16 N:\home\Yii-site\framework\web\actions\CInlineAction.php(49): FanfController->actionIndex()
#17 N:\home\Yii-site\framework\web\CController.php(308): CInlineAction->runWithParams(Array)
#18 N:\home\Yii-site\framework\web\filters\CFilterChain.php(133): CController->runAction(Object(CInlineAction))
#19 N:\home\Yii-site\framework\web\filters\CFilter.php(40): CFilterChain->run()
#20 N:\home\Yii-site\framework\web\CController.php(1145): CFilter->filter(Object(CFilterChain))
#21 N:\home\Yii-site\framework\web\filters\CInlineFilter.php(58): CController->filterAccessControl(Object(CFilterChain))
#22 N:\home\Yii-site\framework\web\filters\CFilterChain.php(130): CInlineFilter->filter(Object(CFilterChain))
#23 N:\home\Yii-site\framework\web\CController.php(291): CFilterChain->run()
#24 N:\home\Yii-site\framework\web\CController.php(265): CController->runActionWithFilters(Object(CInlineAction), Array)
#25 N:\home\Yii-site\framework\web\CWebApplication.php(282): CController->run('index')
#26 N:\home\Yii-site\framework\web\CWebApplication.php(141): CWebApplication->runController('fanf/index')
#27 N:\home\Yii-site\framework\base\CApplication.php(185): CWebApplication->processRequest()
#28 N:\home\Yii-site\www\index.php(13): CApplication->run()
#29 {main}
REQUEST_URI=/index.php?r=fanf/index
---
2017/01/10 20:31:17 [error] [exception.CException] exception 'CException' with message 'Property "Fanf.fileName" is not defined.' in N:\home\Yii-site\framework\base\CComponent.php:130
Stack trace:
#0 N:\home\Yii-site\framework\db\ar\CActiveRecord.php(145): CComponent->__get('fileName')
#1 N:\home\Yii-site\www\protected\views\fanf\_view.php(13): CActiveRecord->__get('fileName')
#2 N:\home\Yii-site\framework\web\CBaseController.php(130): require('N:\home\Yii-sit...')
#3 N:\home\Yii-site\framework\web\CBaseController.php(95): CBaseController->renderInternal('N:\home\Yii-sit...', Array, false)
#4 N:\home\Yii-site\framework\zii\widgets\CListView.php(291): CBaseController->renderFile('N:\home\Yii-sit...', Array)
#5 N:\home\Yii-site\framework\zii\widgets\CBaseListView.php(181): CListView->renderItems()
#6 [internal function]: CBaseListView->renderSection(Array)
#7 N:\home\Yii-site\framework\zii\widgets\CBaseListView.php(164): preg_replace_callback('/{(\w+)}/', Array, '{summary}?{sort...')
#8 N:\home\Yii-site\framework\zii\widgets\CBaseListView.php(149): CBaseListView->renderContent()
#9 N:\home\Yii-site\framework\web\CBaseController.php(181): CBaseListView->run()
#10 N:\home\Yii-site\www\protected\views\fanf\index.php(20): CBaseController->widget('zii.widgets.CLi...', Array)
#11 N:\home\Yii-site\framework\web\CBaseController.php(126): require('N:\home\Yii-sit...')
#12 N:\home\Yii-site\framework\web\CBaseController.php(95): CBaseController->renderInternal('N:\home\Yii-sit...', Array, true)
#13 N:\home\Yii-site\framework\web\CController.php(869): CBaseController->renderFile('N:\home\Yii-sit...', Array, true)
#14 N:\home\Yii-site\framework\web\CController.php(782): CController->renderPartial('index', Array, true)
#15 N:\home\Yii-site\www\protected\controllers\FanfController.php(128): CController->render('index', Array)
#16 N:\home\Yii-site\framework\web\actions\CInlineAction.php(49): FanfController->actionIndex()
#17 N:\home\Yii-site\framework\web\CController.php(308): CInlineAction->runWithParams(Array)
#18 N:\home\Yii-site\framework\web\filters\CFilterChain.php(133): CController->runAction(Object(CInlineAction))
#19 N:\home\Yii-site\framework\web\filters\CFilter.php(40): CFilterChain->run()
#20 N:\home\Yii-site\framework\web\CController.php(1145): CFilter->filter(Object(CFilterChain))
#21 N:\home\Yii-site\framework\web\filters\CInlineFilter.php(58): CController->filterAccessControl(Object(CFilterChain))
#22 N:\home\Yii-site\framework\web\filters\CFilterChain.php(130): CInlineFilter->filter(Object(CFilterChain))
#23 N:\home\Yii-site\framework\web\CController.php(291): CFilterChain->run()
#24 N:\home\Yii-site\framework\web\CController.php(265): CController->runActionWithFilters(Object(CInlineAction), Array)
#25 N:\home\Yii-site\framework\web\CWebApplication.php(282): CController->run('index')
#26 N:\home\Yii-site\framework\web\CWebApplication.php(141): CWebApplication->runController('fanf/index')
#27 N:\home\Yii-site\framework\base\CApplication.php(185): CWebApplication->processRequest()
#28 N:\home\Yii-site\www\index.php(13): CApplication->run()
#29 {main}
REQUEST_URI=/index.php?r=fanf/index
HTTP_REFERER=http://yii-site/index.php?r=site/texts
---
2017/01/10 20:31:18 [error] [exception.CException] exception 'CException' with message 'Property "Fanf.fileName" is not defined.' in N:\home\Yii-site\framework\base\CComponent.php:130
Stack trace:
#0 N:\home\Yii-site\framework\db\ar\CActiveRecord.php(145): CComponent->__get('fileName')
#1 N:\home\Yii-site\www\protected\views\fanf\_view.php(13): CActiveRecord->__get('fileName')
#2 N:\home\Yii-site\framework\web\CBaseController.php(130): require('N:\home\Yii-sit...')
#3 N:\home\Yii-site\framework\web\CBaseController.php(95): CBaseController->renderInternal('N:\home\Yii-sit...', Array, false)
#4 N:\home\Yii-site\framework\zii\widgets\CListView.php(291): CBaseController->renderFile('N:\home\Yii-sit...', Array)
#5 N:\home\Yii-site\framework\zii\widgets\CBaseListView.php(181): CListView->renderItems()
#6 [internal function]: CBaseListView->renderSection(Array)
#7 N:\home\Yii-site\framework\zii\widgets\CBaseListView.php(164): preg_replace_callback('/{(\w+)}/', Array, '{summary}?{sort...')
#8 N:\home\Yii-site\framework\zii\widgets\CBaseListView.php(149): CBaseListView->renderContent()
#9 N:\home\Yii-site\framework\web\CBaseController.php(181): CBaseListView->run()
#10 N:\home\Yii-site\www\protected\views\fanf\index.php(20): CBaseController->widget('zii.widgets.CLi...', Array)
#11 N:\home\Yii-site\framework\web\CBaseController.php(126): require('N:\home\Yii-sit...')
#12 N:\home\Yii-site\framework\web\CBaseController.php(95): CBaseController->renderInternal('N:\home\Yii-sit...', Array, true)
#13 N:\home\Yii-site\framework\web\CController.php(869): CBaseController->renderFile('N:\home\Yii-sit...', Array, true)
#14 N:\home\Yii-site\framework\web\CController.php(782): CController->renderPartial('index', Array, true)
#15 N:\home\Yii-site\www\protected\controllers\FanfController.php(128): CController->render('index', Array)
#16 N:\home\Yii-site\framework\web\actions\CInlineAction.php(49): FanfController->actionIndex()
#17 N:\home\Yii-site\framework\web\CController.php(308): CInlineAction->runWithParams(Array)
#18 N:\home\Yii-site\framework\web\filters\CFilterChain.php(133): CController->runAction(Object(CInlineAction))
#19 N:\home\Yii-site\framework\web\filters\CFilter.php(40): CFilterChain->run()
#20 N:\home\Yii-site\framework\web\CController.php(1145): CFilter->filter(Object(CFilterChain))
#21 N:\home\Yii-site\framework\web\filters\CInlineFilter.php(58): CController->filterAccessControl(Object(CFilterChain))
#22 N:\home\Yii-site\framework\web\filters\CFilterChain.php(130): CInlineFilter->filter(Object(CFilterChain))
#23 N:\home\Yii-site\framework\web\CController.php(291): CFilterChain->run()
#24 N:\home\Yii-site\framework\web\CController.php(265): CController->runActionWithFilters(Object(CInlineAction), Array)
#25 N:\home\Yii-site\framework\web\CWebApplication.php(282): CController->run('index')
#26 N:\home\Yii-site\framework\web\CWebApplication.php(141): CWebApplication->runController('fanf/index')
#27 N:\home\Yii-site\framework\base\CApplication.php(185): CWebApplication->processRequest()
#28 N:\home\Yii-site\www\index.php(13): CApplication->run()
#29 {main}
REQUEST_URI=/index.php?r=fanf/index
---
2017/01/10 20:31:19 [error] [exception.CException] exception 'CException' with message 'Property "Fanf.fileName" is not defined.' in N:\home\Yii-site\framework\base\CComponent.php:130
Stack trace:
#0 N:\home\Yii-site\framework\db\ar\CActiveRecord.php(145): CComponent->__get('fileName')
#1 N:\home\Yii-site\www\protected\views\fanf\_view.php(13): CActiveRecord->__get('fileName')
#2 N:\home\Yii-site\framework\web\CBaseController.php(130): require('N:\home\Yii-sit...')
#3 N:\home\Yii-site\framework\web\CBaseController.php(95): CBaseController->renderInternal('N:\home\Yii-sit...', Array, false)
#4 N:\home\Yii-site\framework\zii\widgets\CListView.php(291): CBaseController->renderFile('N:\home\Yii-sit...', Array)
#5 N:\home\Yii-site\framework\zii\widgets\CBaseListView.php(181): CListView->renderItems()
#6 [internal function]: CBaseListView->renderSection(Array)
#7 N:\home\Yii-site\framework\zii\widgets\CBaseListView.php(164): preg_replace_callback('/{(\w+)}/', Array, '{summary}?{sort...')
#8 N:\home\Yii-site\framework\zii\widgets\CBaseListView.php(149): CBaseListView->renderContent()
#9 N:\home\Yii-site\framework\web\CBaseController.php(181): CBaseListView->run()
#10 N:\home\Yii-site\www\protected\views\fanf\index.php(20): CBaseController->widget('zii.widgets.CLi...', Array)
#11 N:\home\Yii-site\framework\web\CBaseController.php(126): require('N:\home\Yii-sit...')
#12 N:\home\Yii-site\framework\web\CBaseController.php(95): CBaseController->renderInternal('N:\home\Yii-sit...', Array, true)
#13 N:\home\Yii-site\framework\web\CController.php(869): CBaseController->renderFile('N:\home\Yii-sit...', Array, true)
#14 N:\home\Yii-site\framework\web\CController.php(782): CController->renderPartial('index', Array, true)
#15 N:\home\Yii-site\www\protected\controllers\FanfController.php(128): CController->render('index', Array)
#16 N:\home\Yii-site\framework\web\actions\CInlineAction.php(49): FanfController->actionIndex()
#17 N:\home\Yii-site\framework\web\CController.php(308): CInlineAction->runWithParams(Array)
#18 N:\home\Yii-site\framework\web\filters\CFilterChain.php(133): CController->runAction(Object(CInlineAction))
#19 N:\home\Yii-site\framework\web\filters\CFilter.php(40): CFilterChain->run()
#20 N:\home\Yii-site\framework\web\CController.php(1145): CFilter->filter(Object(CFilterChain))
#21 N:\home\Yii-site\framework\web\filters\CInlineFilter.php(58): CController->filterAccessControl(Object(CFilterChain))
#22 N:\home\Yii-site\framework\web\filters\CFilterChain.php(130): CInlineFilter->filter(Object(CFilterChain))
#23 N:\home\Yii-site\framework\web\CController.php(291): CFilterChain->run()
#24 N:\home\Yii-site\framework\web\CController.php(265): CController->runActionWithFilters(Object(CInlineAction), Array)
#25 N:\home\Yii-site\framework\web\CWebApplication.php(282): CController->run('index')
#26 N:\home\Yii-site\framework\web\CWebApplication.php(141): CWebApplication->runController('fanf/index')
#27 N:\home\Yii-site\framework\base\CApplication.php(185): CWebApplication->processRequest()
#28 N:\home\Yii-site\www\index.php(13): CApplication->run()
#29 {main}
REQUEST_URI=/index.php?r=fanf/index
---
2017/01/10 20:37:31 [error] [exception.CException] exception 'CException' with message 'Property "Fanf.fileName" is not defined.' in N:\home\Yii-site\framework\base\CComponent.php:130
Stack trace:
#0 N:\home\Yii-site\framework\db\ar\CActiveRecord.php(145): CComponent->__get('fileName')
#1 N:\home\Yii-site\www\protected\views\fanf\_view.php(13): CActiveRecord->__get('fileName')
#2 N:\home\Yii-site\framework\web\CBaseController.php(130): require('N:\home\Yii-sit...')
#3 N:\home\Yii-site\framework\web\CBaseController.php(95): CBaseController->renderInternal('N:\home\Yii-sit...', Array, false)
#4 N:\home\Yii-site\framework\zii\widgets\CListView.php(291): CBaseController->renderFile('N:\home\Yii-sit...', Array)
#5 N:\home\Yii-site\framework\zii\widgets\CBaseListView.php(181): CListView->renderItems()
#6 [internal function]: CBaseListView->renderSection(Array)
#7 N:\home\Yii-site\framework\zii\widgets\CBaseListView.php(164): preg_replace_callback('/{(\w+)}/', Array, '{summary}?{sort...')
#8 N:\home\Yii-site\framework\zii\widgets\CBaseListView.php(149): CBaseListView->renderContent()
#9 N:\home\Yii-site\framework\web\CBaseController.php(181): CBaseListView->run()
#10 N:\home\Yii-site\www\protected\views\fanf\index.php(20): CBaseController->widget('zii.widgets.CLi...', Array)
#11 N:\home\Yii-site\framework\web\CBaseController.php(126): require('N:\home\Yii-sit...')
#12 N:\home\Yii-site\framework\web\CBaseController.php(95): CBaseController->renderInternal('N:\home\Yii-sit...', Array, true)
#13 N:\home\Yii-site\framework\web\CController.php(869): CBaseController->renderFile('N:\home\Yii-sit...', Array, true)
#14 N:\home\Yii-site\framework\web\CController.php(782): CController->renderPartial('index', Array, true)
#15 N:\home\Yii-site\www\protected\controllers\FanfController.php(128): CController->render('index', Array)
#16 N:\home\Yii-site\framework\web\actions\CInlineAction.php(49): FanfController->actionIndex()
#17 N:\home\Yii-site\framework\web\CController.php(308): CInlineAction->runWithParams(Array)
#18 N:\home\Yii-site\framework\web\filters\CFilterChain.php(133): CController->runAction(Object(CInlineAction))
#19 N:\home\Yii-site\framework\web\filters\CFilter.php(40): CFilterChain->run()
#20 N:\home\Yii-site\framework\web\CController.php(1145): CFilter->filter(Object(CFilterChain))
#21 N:\home\Yii-site\framework\web\filters\CInlineFilter.php(58): CController->filterAccessControl(Object(CFilterChain))
#22 N:\home\Yii-site\framework\web\filters\CFilterChain.php(130): CInlineFilter->filter(Object(CFilterChain))
#23 N:\home\Yii-site\framework\web\CController.php(291): CFilterChain->run()
#24 N:\home\Yii-site\framework\web\CController.php(265): CController->runActionWithFilters(Object(CInlineAction), Array)
#25 N:\home\Yii-site\framework\web\CWebApplication.php(282): CController->run('index')
#26 N:\home\Yii-site\framework\web\CWebApplication.php(141): CWebApplication->runController('fanf/index')
#27 N:\home\Yii-site\framework\base\CApplication.php(185): CWebApplication->processRequest()
#28 N:\home\Yii-site\www\index.php(13): CApplication->run()
#29 {main}
REQUEST_URI=/index.php?r=fanf/index
---
2017/01/10 20:37:31 [error] [exception.CException] exception 'CException' with message 'Property "Fanf.fileName" is not defined.' in N:\home\Yii-site\framework\base\CComponent.php:130
Stack trace:
#0 N:\home\Yii-site\framework\db\ar\CActiveRecord.php(145): CComponent->__get('fileName')
#1 N:\home\Yii-site\www\protected\views\fanf\_view.php(13): CActiveRecord->__get('fileName')
#2 N:\home\Yii-site\framework\web\CBaseController.php(130): require('N:\home\Yii-sit...')
#3 N:\home\Yii-site\framework\web\CBaseController.php(95): CBaseController->renderInternal('N:\home\Yii-sit...', Array, false)
#4 N:\home\Yii-site\framework\zii\widgets\CListView.php(291): CBaseController->renderFile('N:\home\Yii-sit...', Array)
#5 N:\home\Yii-site\framework\zii\widgets\CBaseListView.php(181): CListView->renderItems()
#6 [internal function]: CBaseListView->renderSection(Array)
#7 N:\home\Yii-site\framework\zii\widgets\CBaseListView.php(164): preg_replace_callback('/{(\w+)}/', Array, '{summary}?{sort...')
#8 N:\home\Yii-site\framework\zii\widgets\CBaseListView.php(149): CBaseListView->renderContent()
#9 N:\home\Yii-site\framework\web\CBaseController.php(181): CBaseListView->run()
#10 N:\home\Yii-site\www\protected\views\fanf\index.php(20): CBaseController->widget('zii.widgets.CLi...', Array)
#11 N:\home\Yii-site\framework\web\CBaseController.php(126): require('N:\home\Yii-sit...')
#12 N:\home\Yii-site\framework\web\CBaseController.php(95): CBaseController->renderInternal('N:\home\Yii-sit...', Array, true)
#13 N:\home\Yii-site\framework\web\CController.php(869): CBaseController->renderFile('N:\home\Yii-sit...', Array, true)
#14 N:\home\Yii-site\framework\web\CController.php(782): CController->renderPartial('index', Array, true)
#15 N:\home\Yii-site\www\protected\controllers\FanfController.php(128): CController->render('index', Array)
#16 N:\home\Yii-site\framework\web\actions\CInlineAction.php(49): FanfController->actionIndex()
#17 N:\home\Yii-site\framework\web\CController.php(308): CInlineAction->runWithParams(Array)
#18 N:\home\Yii-site\framework\web\filters\CFilterChain.php(133): CController->runAction(Object(CInlineAction))
#19 N:\home\Yii-site\framework\web\filters\CFilter.php(40): CFilterChain->run()
#20 N:\home\Yii-site\framework\web\CController.php(1145): CFilter->filter(Object(CFilterChain))
#21 N:\home\Yii-site\framework\web\filters\CInlineFilter.php(58): CController->filterAccessControl(Object(CFilterChain))
#22 N:\home\Yii-site\framework\web\filters\CFilterChain.php(130): CInlineFilter->filter(Object(CFilterChain))
#23 N:\home\Yii-site\framework\web\CController.php(291): CFilterChain->run()
#24 N:\home\Yii-site\framework\web\CController.php(265): CController->runActionWithFilters(Object(CInlineAction), Array)
#25 N:\home\Yii-site\framework\web\CWebApplication.php(282): CController->run('index')
#26 N:\home\Yii-site\framework\web\CWebApplication.php(141): CWebApplication->runController('fanf/index')
#27 N:\home\Yii-site\framework\base\CApplication.php(185): CWebApplication->processRequest()
#28 N:\home\Yii-site\www\index.php(13): CApplication->run()
#29 {main}
REQUEST_URI=/index.php?r=fanf/index
---
2017/01/10 20:49:53 [error] [exception.CException] exception 'CException' with message 'Property "Fanf.fileName" is not defined.' in N:\home\Yii-site\framework\base\CComponent.php:130
Stack trace:
#0 N:\home\Yii-site\framework\db\ar\CActiveRecord.php(145): CComponent->__get('fileName')
#1 N:\home\Yii-site\framework\web\helpers\CHtml.php(2729): CActiveRecord->__get('fileName')
#2 N:\home\Yii-site\framework\web\helpers\CHtml.php(2452): CHtml::resolveValue(Object(Fanf), 'fileName')
#3 N:\home\Yii-site\framework\web\helpers\CHtml.php(1534): CHtml::activeInputField('text', Object(Fanf), 'fileName', Array)
#4 N:\home\Yii-site\framework\web\widgets\CActiveForm.php(792): CHtml::activeTextField(Object(Fanf), 'fileName', Array)
#5 N:\home\Yii-site\www\protected\views\fanf\_search.php(21): CActiveForm->textField(Object(Fanf), 'fileName', Array)
#6 N:\home\Yii-site\framework\web\CBaseController.php(126): require('N:\home\Yii-sit...')
#7 N:\home\Yii-site\framework\web\CBaseController.php(95): CBaseController->renderInternal('N:\home\Yii-sit...', Array, true)
#8 N:\home\Yii-site\framework\web\CController.php(869): CBaseController->renderFile('N:\home\Yii-sit...', Array, true)
#9 N:\home\Yii-site\www\protected\views\fanf\admin.php(40): CController->renderPartial('_search', Array)
#10 N:\home\Yii-site\framework\web\CBaseController.php(126): require('N:\home\Yii-sit...')
#11 N:\home\Yii-site\framework\web\CBaseController.php(95): CBaseController->renderInternal('N:\home\Yii-sit...', Array, true)
#12 N:\home\Yii-site\framework\web\CController.php(869): CBaseController->renderFile('N:\home\Yii-sit...', Array, true)
#13 N:\home\Yii-site\framework\web\CController.php(782): CController->renderPartial('admin', Array, true)
#14 N:\home\Yii-site\www\protected\controllers\FanfController.php(143): CController->render('admin', Array)
#15 N:\home\Yii-site\framework\web\actions\CInlineAction.php(49): FanfController->actionAdmin()
#16 N:\home\Yii-site\framework\web\CController.php(308): CInlineAction->runWithParams(Array)
#17 N:\home\Yii-site\framework\web\filters\CFilterChain.php(133): CController->runAction(Object(CInlineAction))
#18 N:\home\Yii-site\framework\web\filters\CFilter.php(40): CFilterChain->run()
#19 N:\home\Yii-site\framework\web\CController.php(1145): CFilter->filter(Object(CFilterChain))
#20 N:\home\Yii-site\framework\web\filters\CInlineFilter.php(58): CController->filterAccessControl(Object(CFilterChain))
#21 N:\home\Yii-site\framework\web\filters\CFilterChain.php(130): CInlineFilter->filter(Object(CFilterChain))
#22 N:\home\Yii-site\framework\web\CController.php(291): CFilterChain->run()
#23 N:\home\Yii-site\framework\web\CController.php(265): CController->runActionWithFilters(Object(CInlineAction), Array)
#24 N:\home\Yii-site\framework\web\CWebApplication.php(282): CController->run('admin')
#25 N:\home\Yii-site\framework\web\CWebApplication.php(141): CWebApplication->runController('fanf/admin')
#26 N:\home\Yii-site\framework\base\CApplication.php(185): CWebApplication->processRequest()
#27 N:\home\Yii-site\www\index.php(13): CApplication->run()
#28 {main}
REQUEST_URI=/index.php?r=fanf/admin
HTTP_REFERER=http://yii-site/index.php?r=fanf/index
---
2017/01/10 20:59:50 [error] [exception.CException] exception 'CException' with message 'Property "Fanf.fileName" is not defined.' in N:\home\Yii-site\framework\base\CComponent.php:130
Stack trace:
#0 N:\home\Yii-site\framework\db\ar\CActiveRecord.php(145): CComponent->__get('fileName')
#1 N:\home\Yii-site\framework\web\helpers\CHtml.php(2729): CActiveRecord->__get('fileName')
#2 N:\home\Yii-site\framework\web\helpers\CHtml.php(2452): CHtml::resolveValue(Object(Fanf), 'fileName')
#3 N:\home\Yii-site\framework\web\helpers\CHtml.php(1534): CHtml::activeInputField('text', Object(Fanf), 'fileName', Array)
#4 N:\home\Yii-site\framework\web\widgets\CActiveForm.php(792): CHtml::activeTextField(Object(Fanf), 'fileName', Array)
#5 N:\home\Yii-site\www\protected\views\fanf\_form.php(24): CActiveForm->textField(Object(Fanf), 'fileName', Array)
#6 N:\home\Yii-site\framework\web\CBaseController.php(126): require('N:\home\Yii-sit...')
#7 N:\home\Yii-site\framework\web\CBaseController.php(95): CBaseController->renderInternal('N:\home\Yii-sit...', Array, true)
#8 N:\home\Yii-site\framework\web\CController.php(869): CBaseController->renderFile('N:\home\Yii-sit...', Array, true)
#9 N:\home\Yii-site\www\protected\views\fanf\create.php(18): CController->renderPartial('_form', Array)
#10 N:\home\Yii-site\framework\web\CBaseController.php(126): require('N:\home\Yii-sit...')
#11 N:\home\Yii-site\framework\web\CBaseController.php(95): CBaseController->renderInternal('N:\home\Yii-sit...', Array, true)
#12 N:\home\Yii-site\framework\web\CController.php(869): CBaseController->renderFile('N:\home\Yii-sit...', Array, true)
#13 N:\home\Yii-site\framework\web\CController.php(782): CController->renderPartial('create', Array, true)
#14 N:\home\Yii-site\www\protected\controllers\FanfController.php(79): CController->render('create', Array)
#15 N:\home\Yii-site\framework\web\actions\CInlineAction.php(49): FanfController->actionCreate()
#16 N:\home\Yii-site\framework\web\CController.php(308): CInlineAction->runWithParams(Array)
#17 N:\home\Yii-site\framework\web\filters\CFilterChain.php(133): CController->runAction(Object(CInlineAction))
#18 N:\home\Yii-site\framework\web\filters\CFilter.php(40): CFilterChain->run()
#19 N:\home\Yii-site\framework\web\CController.php(1145): CFilter->filter(Object(CFilterChain))
#20 N:\home\Yii-site\framework\web\filters\CInlineFilter.php(58): CController->filterAccessControl(Object(CFilterChain))
#21 N:\home\Yii-site\framework\web\filters\CFilterChain.php(130): CInlineFilter->filter(Object(CFilterChain))
#22 N:\home\Yii-site\framework\web\CController.php(291): CFilterChain->run()
#23 N:\home\Yii-site\framework\web\CController.php(265): CController->runActionWithFilters(Object(CInlineAction), Array)
#24 N:\home\Yii-site\framework\web\CWebApplication.php(282): CController->run('create')
#25 N:\home\Yii-site\framework\web\CWebApplication.php(141): CWebApplication->runController('fanf/create')
#26 N:\home\Yii-site\framework\base\CApplication.php(185): CWebApplication->processRequest()
#27 N:\home\Yii-site\www\index.php(13): CApplication->run()
#28 {main}
REQUEST_URI=/index.php?r=fanf/create
HTTP_REFERER=http://yii-site/index.php?r=fanf/index
---
2017/01/10 20:59:53 [error] [exception.CException] exception 'CException' with message 'Property "Fanf.fileName" is not defined.' in N:\home\Yii-site\framework\base\CComponent.php:130
Stack trace:
#0 N:\home\Yii-site\framework\db\ar\CActiveRecord.php(145): CComponent->__get('fileName')
#1 N:\home\Yii-site\framework\web\helpers\CHtml.php(2729): CActiveRecord->__get('fileName')
#2 N:\home\Yii-site\framework\web\helpers\CHtml.php(2452): CHtml::resolveValue(Object(Fanf), 'fileName')
#3 N:\home\Yii-site\framework\web\helpers\CHtml.php(1534): CHtml::activeInputField('text', Object(Fanf), 'fileName', Array)
#4 N:\home\Yii-site\framework\web\widgets\CActiveForm.php(792): CHtml::activeTextField(Object(Fanf), 'fileName', Array)
#5 N:\home\Yii-site\www\protected\views\fanf\_search.php(21): CActiveForm->textField(Object(Fanf), 'fileName', Array)
#6 N:\home\Yii-site\framework\web\CBaseController.php(126): require('N:\home\Yii-sit...')
#7 N:\home\Yii-site\framework\web\CBaseController.php(95): CBaseController->renderInternal('N:\home\Yii-sit...', Array, true)
#8 N:\home\Yii-site\framework\web\CController.php(869): CBaseController->renderFile('N:\home\Yii-sit...', Array, true)
#9 N:\home\Yii-site\www\protected\views\fanf\admin.php(40): CController->renderPartial('_search', Array)
#10 N:\home\Yii-site\framework\web\CBaseController.php(126): require('N:\home\Yii-sit...')
#11 N:\home\Yii-site\framework\web\CBaseController.php(95): CBaseController->renderInternal('N:\home\Yii-sit...', Array, true)
#12 N:\home\Yii-site\framework\web\CController.php(869): CBaseController->renderFile('N:\home\Yii-sit...', Array, true)
#13 N:\home\Yii-site\framework\web\CController.php(782): CController->renderPartial('admin', Array, true)
#14 N:\home\Yii-site\www\protected\controllers\FanfController.php(143): CController->render('admin', Array)
#15 N:\home\Yii-site\framework\web\actions\CInlineAction.php(49): FanfController->actionAdmin()
#16 N:\home\Yii-site\framework\web\CController.php(308): CInlineAction->runWithParams(Array)
#17 N:\home\Yii-site\framework\web\filters\CFilterChain.php(133): CController->runAction(Object(CInlineAction))
#18 N:\home\Yii-site\framework\web\filters\CFilter.php(40): CFilterChain->run()
#19 N:\home\Yii-site\framework\web\CController.php(1145): CFilter->filter(Object(CFilterChain))
#20 N:\home\Yii-site\framework\web\filters\CInlineFilter.php(58): CController->filterAccessControl(Object(CFilterChain))
#21 N:\home\Yii-site\framework\web\filters\CFilterChain.php(130): CInlineFilter->filter(Object(CFilterChain))
#22 N:\home\Yii-site\framework\web\CController.php(291): CFilterChain->run()
#23 N:\home\Yii-site\framework\web\CController.php(265): CController->runActionWithFilters(Object(CInlineAction), Array)
#24 N:\home\Yii-site\framework\web\CWebApplication.php(282): CController->run('admin')
#25 N:\home\Yii-site\framework\web\CWebApplication.php(141): CWebApplication->runController('fanf/admin')
#26 N:\home\Yii-site\framework\base\CApplication.php(185): CWebApplication->processRequest()
#27 N:\home\Yii-site\www\index.php(13): CApplication->run()
#28 {main}
REQUEST_URI=/index.php?r=fanf/admin
HTTP_REFERER=http://yii-site/index.php?r=fanf/index
---
2017/01/10 22:58:23 [error] [exception.CException] exception 'CException' with message 'Property "Fanf.fileName" is not defined.' in N:\home\Yii-site\framework\base\CComponent.php:130
Stack trace:
#0 N:\home\Yii-site\framework\db\ar\CActiveRecord.php(145): CComponent->__get('fileName')
#1 N:\home\Yii-site\framework\web\helpers\CHtml.php(2729): CActiveRecord->__get('fileName')
#2 N:\home\Yii-site\framework\web\helpers\CHtml.php(2452): CHtml::resolveValue(Object(Fanf), 'fileName')
#3 N:\home\Yii-site\framework\web\helpers\CHtml.php(1534): CHtml::activeInputField('text', Object(Fanf), 'fileName', Array)
#4 N:\home\Yii-site\framework\zii\widgets\grid\CDataColumn.php(104): CHtml::activeTextField(Object(Fanf), 'fileName', Array)
#5 N:\home\Yii-site\framework\zii\widgets\grid\CGridColumn.php(253): CDataColumn->getFilterCellContent()
#6 N:\home\Yii-site\framework\zii\widgets\grid\CGridColumn.php(119): CGridColumn->renderFilterCellContent()
#7 N:\home\Yii-site\framework\zii\widgets\grid\CGridView.php(538): CGridColumn->renderFilterCell()
#8 N:\home\Yii-site\framework\zii\widgets\grid\CGridView.php(516): CGridView->renderFilter()
#9 N:\home\Yii-site\framework\zii\widgets\grid\CGridView.php(486): CGridView->renderTableHeader()
#10 N:\home\Yii-site\framework\zii\widgets\CBaseListView.php(181): CGridView->renderItems()
#11 [internal function]: CBaseListView->renderSection(Array)
#12 N:\home\Yii-site\framework\zii\widgets\CBaseListView.php(164): preg_replace_callback('/{(\w+)}/', Array, '{summary}?{item...')
#13 N:\home\Yii-site\framework\zii\widgets\CBaseListView.php(149): CBaseListView->renderContent()
#14 N:\home\Yii-site\framework\web\CBaseController.php(181): CBaseListView->run()
#15 N:\home\Yii-site\www\protected\views\fanf\admin.php(69): CBaseController->widget('zii.widgets.gri...', Array)
#16 N:\home\Yii-site\framework\web\CBaseController.php(126): require('N:\home\Yii-sit...')
#17 N:\home\Yii-site\framework\web\CBaseController.php(95): CBaseController->renderInternal('N:\home\Yii-sit...', Array, true)
#18 N:\home\Yii-site\framework\web\CController.php(869): CBaseController->renderFile('N:\home\Yii-sit...', Array, true)
#19 N:\home\Yii-site\framework\web\CController.php(782): CController->renderPartial('admin', Array, true)
#20 N:\home\Yii-site\www\protected\controllers\FanfController.php(143): CController->render('admin', Array)
#21 N:\home\Yii-site\framework\web\actions\CInlineAction.php(49): FanfController->actionAdmin()
#22 N:\home\Yii-site\framework\web\CController.php(308): CInlineAction->runWithParams(Array)
#23 N:\home\Yii-site\framework\web\filters\CFilterChain.php(133): CController->runAction(Object(CInlineAction))
#24 N:\home\Yii-site\framework\web\filters\CFilter.php(40): CFilterChain->run()
#25 N:\home\Yii-site\framework\web\CController.php(1145): CFilter->filter(Object(CFilterChain))
#26 N:\home\Yii-site\framework\web\filters\CInlineFilter.php(58): CController->filterAccessControl(Object(CFilterChain))
#27 N:\home\Yii-site\framework\web\filters\CFilterChain.php(130): CInlineFilter->filter(Object(CFilterChain))
#28 N:\home\Yii-site\framework\web\CController.php(291): CFilterChain->run()
#29 N:\home\Yii-site\framework\web\CController.php(265): CController->runActionWithFilters(Object(CInlineAction), Array)
#30 N:\home\Yii-site\framework\web\CWebApplication.php(282): CController->run('admin')
#31 N:\home\Yii-site\framework\web\CWebApplication.php(141): CWebApplication->runController('fanf/admin')
#32 N:\home\Yii-site\framework\base\CApplication.php(185): CWebApplication->processRequest()
#33 N:\home\Yii-site\www\index.php(13): CApplication->run()
#34 {main}
REQUEST_URI=/index.php?r=fanf/admin
HTTP_REFERER=http://yii-site/index.php?r=fanf/index
---
2017/01/10 23:11:08 [error] [exception.CException] exception 'CException' with message 'Property "Fanf.fileName" is not defined.' in N:\home\Yii-site\framework\base\CComponent.php:130
Stack trace:
#0 N:\home\Yii-site\framework\db\ar\CActiveRecord.php(145): CComponent->__get('fileName')
#1 N:\home\Yii-site\framework\web\helpers\CHtml.php(2729): CActiveRecord->__get('fileName')
#2 N:\home\Yii-site\framework\web\helpers\CHtml.php(2452): CHtml::resolveValue(Object(Fanf), 'fileName')
#3 N:\home\Yii-site\framework\web\helpers\CHtml.php(1534): CHtml::activeInputField('text', Object(Fanf), 'fileName', Array)
#4 N:\home\Yii-site\framework\web\widgets\CActiveForm.php(792): CHtml::activeTextField(Object(Fanf), 'fileName', Array)
#5 N:\home\Yii-site\www\protected\views\fanf\_form.php(24): CActiveForm->textField(Object(Fanf), 'fileName', Array)
#6 N:\home\Yii-site\framework\web\CBaseController.php(126): require('N:\home\Yii-sit...')
#7 N:\home\Yii-site\framework\web\CBaseController.php(95): CBaseController->renderInternal('N:\home\Yii-sit...', Array, true)
#8 N:\home\Yii-site\framework\web\CController.php(869): CBaseController->renderFile('N:\home\Yii-sit...', Array, true)
#9 N:\home\Yii-site\www\protected\views\fanf\update.php(21): CController->renderPartial('_form', Array)
#10 N:\home\Yii-site\framework\web\CBaseController.php(126): require('N:\home\Yii-sit...')
#11 N:\home\Yii-site\framework\web\CBaseController.php(95): CBaseController->renderInternal('N:\home\Yii-sit...', Array, true)
#12 N:\home\Yii-site\framework\web\CController.php(869): CBaseController->renderFile('N:\home\Yii-sit...', Array, true)
#13 N:\home\Yii-site\framework\web\CController.php(782): CController->renderPartial('update', Array, true)
#14 N:\home\Yii-site\www\protected\controllers\FanfController.php(103): CController->render('update', Array)
#15 [internal function]: FanfController->actionUpdate('1')
#16 N:\home\Yii-site\framework\web\actions\CAction.php(109): ReflectionMethod->invokeArgs(Object(FanfController), Array)
#17 N:\home\Yii-site\framework\web\actions\CInlineAction.php(47): CAction->runWithParamsInternal(Object(FanfController), Object(ReflectionMethod), Array)
#18 N:\home\Yii-site\framework\web\CController.php(308): CInlineAction->runWithParams(Array)
#19 N:\home\Yii-site\framework\web\filters\CFilterChain.php(133): CController->runAction(Object(CInlineAction))
#20 N:\home\Yii-site\framework\web\filters\CFilter.php(40): CFilterChain->run()
#21 N:\home\Yii-site\framework\web\CController.php(1145): CFilter->filter(Object(CFilterChain))
#22 N:\home\Yii-site\framework\web\filters\CInlineFilter.php(58): CController->filterAccessControl(Object(CFilterChain))
#23 N:\home\Yii-site\framework\web\filters\CFilterChain.php(130): CInlineFilter->filter(Object(CFilterChain))
#24 N:\home\Yii-site\framework\web\CController.php(291): CFilterChain->run()
#25 N:\home\Yii-site\framework\web\CController.php(265): CController->runActionWithFilters(Object(CInlineAction), Array)
#26 N:\home\Yii-site\framework\web\CWebApplication.php(282): CController->run('update')
#27 N:\home\Yii-site\framework\web\CWebApplication.php(141): CWebApplication->runController('fanf/update')
#28 N:\home\Yii-site\framework\base\CApplication.php(185): CWebApplication->processRequest()
#29 N:\home\Yii-site\www\index.php(13): CApplication->run()
#30 {main}
REQUEST_URI=/index.php?r=fanf/update&id=1
HTTP_REFERER=http://yii-site/index.php?r=fanf/admin
---
2017/01/10 23:11:15 [error] [exception.CException] exception 'CException' with message 'Property "Fanf.fileName" is not defined.' in N:\home\Yii-site\framework\base\CComponent.php:130
Stack trace:
#0 N:\home\Yii-site\framework\db\ar\CActiveRecord.php(145): CComponent->__get('fileName')
#1 N:\home\Yii-site\framework\web\helpers\CHtml.php(2729): CActiveRecord->__get('fileName')
#2 N:\home\Yii-site\framework\web\helpers\CHtml.php(2452): CHtml::resolveValue(Object(Fanf), 'fileName')
#3 N:\home\Yii-site\framework\web\helpers\CHtml.php(1534): CHtml::activeInputField('text', Object(Fanf), 'fileName', Array)
#4 N:\home\Yii-site\framework\web\widgets\CActiveForm.php(792): CHtml::activeTextField(Object(Fanf), 'fileName', Array)
#5 N:\home\Yii-site\www\protected\views\fanf\_form.php(24): CActiveForm->textField(Object(Fanf), 'fileName', Array)
#6 N:\home\Yii-site\framework\web\CBaseController.php(126): require('N:\home\Yii-sit...')
#7 N:\home\Yii-site\framework\web\CBaseController.php(95): CBaseController->renderInternal('N:\home\Yii-sit...', Array, true)
#8 N:\home\Yii-site\framework\web\CController.php(869): CBaseController->renderFile('N:\home\Yii-sit...', Array, true)
#9 N:\home\Yii-site\www\protected\views\fanf\update.php(21): CController->renderPartial('_form', Array)
#10 N:\home\Yii-site\framework\web\CBaseController.php(126): require('N:\home\Yii-sit...')
#11 N:\home\Yii-site\framework\web\CBaseController.php(95): CBaseController->renderInternal('N:\home\Yii-sit...', Array, true)
#12 N:\home\Yii-site\framework\web\CController.php(869): CBaseController->renderFile('N:\home\Yii-sit...', Array, true)
#13 N:\home\Yii-site\framework\web\CController.php(782): CController->renderPartial('update', Array, true)
#14 N:\home\Yii-site\www\protected\controllers\FanfController.php(103): CController->render('update', Array)
#15 [internal function]: FanfController->actionUpdate('1')
#16 N:\home\Yii-site\framework\web\actions\CAction.php(109): ReflectionMethod->invokeArgs(Object(FanfController), Array)
#17 N:\home\Yii-site\framework\web\actions\CInlineAction.php(47): CAction->runWithParamsInternal(Object(FanfController), Object(ReflectionMethod), Array)
#18 N:\home\Yii-site\framework\web\CController.php(308): CInlineAction->runWithParams(Array)
#19 N:\home\Yii-site\framework\web\filters\CFilterChain.php(133): CController->runAction(Object(CInlineAction))
#20 N:\home\Yii-site\framework\web\filters\CFilter.php(40): CFilterChain->run()
#21 N:\home\Yii-site\framework\web\CController.php(1145): CFilter->filter(Object(CFilterChain))
#22 N:\home\Yii-site\framework\web\filters\CInlineFilter.php(58): CController->filterAccessControl(Object(CFilterChain))
#23 N:\home\Yii-site\framework\web\filters\CFilterChain.php(130): CInlineFilter->filter(Object(CFilterChain))
#24 N:\home\Yii-site\framework\web\CController.php(291): CFilterChain->run()
#25 N:\home\Yii-site\framework\web\CController.php(265): CController->runActionWithFilters(Object(CInlineAction), Array)
#26 N:\home\Yii-site\framework\web\CWebApplication.php(282): CController->run('update')
#27 N:\home\Yii-site\framework\web\CWebApplication.php(141): CWebApplication->runController('fanf/update')
#28 N:\home\Yii-site\framework\base\CApplication.php(185): CWebApplication->processRequest()
#29 N:\home\Yii-site\www\index.php(13): CApplication->run()
#30 {main}
REQUEST_URI=/index.php?r=fanf/update&id=1
HTTP_REFERER=http://yii-site/index.php?r=fanf/admin
---
2017/01/11 22:08:44 [error] [exception.CHttpException.404] exception 'CHttpException' with message 'Unable to resolve the request "g".' in N:\home\Yii-site\framework\web\CWebApplication.php:286
Stack trace:
#0 N:\home\Yii-site\framework\web\CWebApplication.php(141): CWebApplication->runController('g')
#1 N:\home\Yii-site\framework\base\CApplication.php(185): CWebApplication->processRequest()
#2 N:\home\Yii-site\www\index.php(13): CApplication->run()
#3 {main}
REQUEST_URI=/index.php?r=g
---
2017/01/11 22:08:44 [error] [exception.CHttpException.404] exception 'CHttpException' with message 'Unable to resolve the request "g".' in N:\home\Yii-site\framework\web\CWebApplication.php:286
Stack trace:
#0 N:\home\Yii-site\framework\web\CWebApplication.php(141): CWebApplication->runController('g')
#1 N:\home\Yii-site\framework\base\CApplication.php(185): CWebApplication->processRequest()
#2 N:\home\Yii-site\www\index.php(13): CApplication->run()
#3 {main}
REQUEST_URI=/index.php?r=g
---
